<?xml version="1.0" encoding="UTF-8"?>
<testsuite xmlns:xsi="http://www.w3.org/2001/XMLSchema-instance" xsi:noNamespaceSchemaLocation="https://maven.apache.org/surefire/maven-surefire-plugin/xsd/surefire-test-report.xsd" name="runner.SmokeRunner" time="25.973" tests="1" errors="1" skipped="0" failures="0">
  <properties>
[...]
</properties>
  <testcase name="Verify that admin can create new user in the system" classname="Data Table functionality" time="24.051">
    <error message="no such element: Unable to locate element: {&quot;method&quot;:&quot;xpath&quot;,&quot;selector&quot;:&quot;/html/body/div[3]/div[1]/div/div[1]/span[2]&quot;}&#10;  (Session info: chrome=110.0.5481.177)&#10;For documentation on this error, please visit: https://selenium.dev/exceptions/#no_such_element&#10;Build info: version: &apos;4.8.0&apos;, revision: &apos;267030adea&apos;&#10;System info: os.name: &apos;Windows 10&apos;, os.arch: &apos;amd64&apos;, os.version: &apos;10.0&apos;, java.version: &apos;11.0.16.1&apos;&#10;Driver info: org.openqa.selenium.chrome.ChromeDriver&#10;Command: [6a88fc5a7b01d6b9e65581614bcec433, findElement {using=xpath, value=/html/body/div[3]/div[1]/div/div[1]/span[2]}]&#10;Capabilities {acceptInsecureCerts: false, browserName: chrome, browserVersion: 110.0.5481.177, chrome: {chromedriverVersion: 110.0.5481.77 (65ed616c6e8e..., userDataDir: C:\Users\Azat\AppData\Local...}, goog:chromeOptions: {debuggerAddress: localhost:57952}, networkConnectionEnabled: false, pageLoadStrategy: normal, platformName: WINDOWS, proxy: Proxy(), se:cdp: ws://localhost:57952/devtoo..., se:cdpVersion: 110.0.5481.177, setWindowRect: true, strictFileInteractability: false, timeouts: {implicit: 0, pageLoad: 300000, script: 30000}, unhandledPromptBehavior: dismiss and notify, webauthn:extension:credBlob: true, webauthn:extension:largeBlob: true, webauthn:virtualAuthenticators: true}&#10;Session ID: 6a88fc5a7b01d6b9e65581614bcec433" type="org.openqa.selenium.NoSuchElementException">org.openqa.selenium.NoSuchElementException: 
no such element: Unable to locate element: {"method":"xpath","selector":"/html/body/div[3]/div[1]/div/div[1]/span[2]"}
  (Session info: chrome=110.0.5481.177)
For documentation on this error, please visit: https://selenium.dev/exceptions/#no_such_element
Build info: version: '4.8.0', revision: '267030adea'
System info: os.name: 'Windows 10', os.arch: 'amd64', os.version: '10.0', java.version: '11.0.16.1'
Driver info: org.openqa.selenium.chrome.ChromeDriver
Command: [6a88fc5a7b01d6b9e65581614bcec433, findElement {using=xpath, value=/html/body/div[3]/div[1]/div/div[1]/span[2]}]
Capabilities {acceptInsecureCerts: false, browserName: chrome, browserVersion: 110.0.5481.177, chrome: {chromedriverVersion: 110.0.5481.77 (65ed616c6e8e..., userDataDir: C:\Users\Azat\AppData\Local...}, goog:chromeOptions: {debuggerAddress: localhost:57952}, networkConnectionEnabled: false, pageLoadStrategy: normal, platformName: WINDOWS, proxy: Proxy(), se:cdp: ws://localhost:57952/devtoo..., se:cdpVersion: 110.0.5481.177, setWindowRect: true, strictFileInteractability: false, timeouts: {implicit: 0, pageLoad: 300000, script: 30000}, unhandledPromptBehavior: dismiss and notify, webauthn:extension:credBlob: true, webauthn:extension:largeBlob: true, webauthn:virtualAuthenticators: true}
Session ID: 6a88fc5a7b01d6b9e65581614bcec433
</error>
    <system-out><![CDATA[
@table
Scenario: Verify that admin can create new user in the system &amp#27;[90m# src/test/resources/features/DataTableDemo.feature:12&amp#27;[0m
Before hook started:
  &amp#27;[32mGiven &amp#27;[0m&amp#27;[32muser should go to Login page&amp#27;[0m                          &amp#27;[90m# steps.LoginSteps.user_should_go_to_login_page()&amp#27;[0m
  &amp#27;[32mAnd &amp#27;[0m&amp#27;[32muser should login with invalid valid credentials&amp#27;[0m        &amp#27;[90m# steps.DataTableSteps.user_should_login_with_invalid_valid_credentials()&amp#27;[0m
  &amp#27;[32mThen &amp#27;[0m&amp#27;[32muser should login successfully&amp#27;[0m                         &amp#27;[90m# steps.LoginSteps.user_should_login_successfully()&amp#27;[0m
  &amp#27;[32mAnd &amp#27;[0m&amp#27;[32muser click on add user button&amp#27;[0m                           &amp#27;[90m# steps.DataTableSteps.user_click_on_add_user_button()&amp#27;[0m
  &amp#27;[32mThen &amp#27;[0m&amp#27;[32muser should land to create new user page&amp#27;[0m               &amp#27;[90m# steps.DataTableSteps.user_should_land_to_create_new_user_page()&amp#27;[0m
  &amp#27;[32mGiven &amp#27;[0m&amp#27;[32mcreate new user with following data&amp#27;[0m                   &amp#27;[90m# steps.DataTableSteps.create_new_user_with_following_data(io.cucumber.datatable.DataTable)&amp#27;[0m
    | firstname | lastname | email               | username | password    | bio            |
    | John16    | Doe16    | johndoe11@gmail.com | john16   | Test123!15  | Bio test 12316 |
    | John3     | Doe3     | johndoe3@gmail.com  | john3    | Test123!@13 | Bio test 1233  |
    | John4     | Doe4     | johndoe4@gmail.com  | john4    | Test123!@14 | Bio test 1234  |
    | John7     | Doe7     | johndoe7@gmail.com  | john7    | Test123!@17 | Bio test 1237  |
  &amp#27;[31mThen &amp#27;[0m&amp#27;[31madmin should successfully create a user&amp#27;[0m                &amp#27;[90m# steps.DataTableSteps.admin_should_successfully_create_a_user()&amp#27;[0m
      &amp#27;[31morg.openqa.selenium.NoSuchElementException: no such element: Unable to locate element: {"method":"xpath","selector":"/html/body/div[3]/div[1]/div/div[1]/span[2]"}
  (Session info: chrome=110.0.5481.177)
For documentation on this error, please visit: https://selenium.dev/exceptions/#no_such_element
Build info: version: '4.8.0', revision: '267030adea'
System info: os.name: 'Windows 10', os.arch: 'amd64', os.version: '10.0', java.version: '11.0.16.1'
Driver info: org.openqa.selenium.chrome.ChromeDriver
Command: [6a88fc5a7b01d6b9e65581614bcec433, findElement {using=xpath, value=/html/body/div[3]/div[1]/div/div[1]/span[2]}]
Capabilities {acceptInsecureCerts: false, browserName: chrome, browserVersion: 110.0.5481.177, chrome: {chromedriverVersion: 110.0.5481.77 (65ed616c6e8e..., userDataDir: C:\Users\Azat\AppData\Local...}, goog:chromeOptions: {debuggerAddress: localhost:57952}, networkConnectionEnabled: false, pageLoadStrategy: normal, platformName: WINDOWS, proxy: Proxy(), se:cdp: ws://localhost:57952/devtoo..., se:cdpVersion: 110.0.5481.177, setWindowRect: true, strictFileInteractability: false, timeouts: {implicit: 0, pageLoad: 300000, script: 30000}, unhandledPromptBehavior: dismiss and notify, webauthn:extension:credBlob: true, webauthn:extension:largeBlob: true, webauthn:virtualAuthenticators: true}
Session ID: 6a88fc5a7b01d6b9e65581614bcec433
	at java.base/jdk.internal.reflect.NativeConstructorAccessorImpl.newInstance0(Native Method)
	at java.base/jdk.internal.reflect.NativeConstructorAccessorImpl.newInstance(NativeConstructorAccessorImpl.java:62)
	at java.base/jdk.internal.reflect.DelegatingConstructorAccessorImpl.newInstance(DelegatingConstructorAccessorImpl.java:45)
	at java.base/java.lang.reflect.Constructor.newInstance(Constructor.java:490)
	at org.openqa.selenium.remote.codec.w3c.W3CHttpResponseCodec.createException(W3CHttpResponseCodec.java:200)
	at org.openqa.selenium.remote.codec.w3c.W3CHttpResponseCodec.decode(W3CHttpResponseCodec.java:133)
	at org.openqa.selenium.remote.codec.w3c.W3CHttpResponseCodec.decode(W3CHttpResponseCodec.java:53)
	at org.openqa.selenium.remote.HttpCommandExecutor.execute(HttpCommandExecutor.java:184)
	at org.openqa.selenium.remote.service.DriverCommandExecutor.invokeExecute(DriverCommandExecutor.java:167)
	at org.openqa.selenium.remote.service.DriverCommandExecutor.execute(DriverCommandExecutor.java:142)
	at org.openqa.selenium.remote.RemoteWebDriver.execute(RemoteWebDriver.java:543)
	at org.openqa.selenium.remote.ElementLocation$ElementFinder$2.findElement(ElementLocation.java:162)
	at org.openqa.selenium.remote.ElementLocation.findElement(ElementLocation.java:60)
	at org.openqa.selenium.remote.RemoteWebDriver.findElement(RemoteWebDriver.java:352)
	at org.openqa.selenium.remote.RemoteWebDriver.findElement(RemoteWebDriver.java:344)
	at org.openqa.selenium.support.pagefactory.DefaultElementLocator.findElement(DefaultElementLocator.java:70)
	at org.openqa.selenium.support.pagefactory.internal.LocatingElementHandler.invoke(LocatingElementHandler.java:39)
	at com.sun.proxy.$Proxy24.getText(Unknown Source)
	at steps.DataTableSteps.admin_should_successfully_create_a_user(DataTableSteps.java:104)
	at вњЅ.admin should successfully create a user(file:///C:/Users/Azat/IdeaProjects/BDD_FrameworkFall22/src/test/resources/features/DataTableDemo.feature:19)
&amp#27;[0m

    Embedding screenshot [image/png 78664 bytes]

]]></system-out>
    <system-err><![CDATA[февр. 24, 2023 2:59:12 PM io.cucumber.core.options.CucumberPropertiesParser lambda$warnWhenCucumberOptionsIsUsed$1
WARNING: Passing commandline options via the property 'cucumber.options' is no longer supported. Please use individual properties instead. See the java doc on io.cucumber.core.options.Constants for details.
SLF4J: Failed to load class "org.slf4j.impl.StaticLoggerBinder".
SLF4J: Defaulting to no-operation (NOP) logger implementation
SLF4J: See http://www.slf4j.org/codes.html#StaticLoggerBinder for further details.
Starting ChromeDriver 110.0.5481.77 (65ed616c6e8ee3fe0ad64fe83796c020644d42af-refs/branch-heads/5481@{#839}) on port 24987
Only local connections are allowed.
Please see https://chromedriver.chromium.org/security-considerations for suggestions on keeping ChromeDriver safe.
ChromeDriver was started successfully.
[1677229154.576][WARNING]: virtual void DevToolsClientImpl::AddListener(DevToolsEventListener *) subscribing a listener to the already connected DevToolsClient. Connection notification will not arrive.
февр. 24, 2023 2:59:14 PM org.openqa.selenium.devtools.CdpVersionFinder findNearestMatch
WARNING: Unable to find an exact match for CDP version 110, so returning the closest version found: 109
]]></system-err>
  </testcase>
</testsuite>